  board.cpp
C:\Users\User\source\repos\Snake\board.cpp(36,52): warning C4244: 'argument': conversion from 'const int' to 'T', possible loss of data
          with
          [
              T=float
          ]
C:\Users\User\source\repos\Snake\board.cpp(36,39): warning C4244: 'argument': conversion from 'const int' to 'T', possible loss of data
          with
          [
              T=float
          ]
C:\Users\User\source\repos\Snake\board.cpp(41,51): warning C4244: 'argument': conversion from 'const int' to 'T', possible loss of data
          with
          [
              T=float
          ]
C:\Users\User\source\repos\Snake\board.cpp(41,38): warning C4244: 'argument': conversion from 'const int' to 'T', possible loss of data
          with
          [
              T=float
          ]
C:\Users\User\source\repos\Snake\board.cpp(77,60): warning C4244: 'argument': conversion from 'double' to 'T', possible loss of data
          with
          [
              T=float
          ]
C:\Users\User\source\repos\Snake\board.cpp(78,75): warning C4244: 'argument': conversion from 'double' to 'T', possible loss of data
          with
          [
              T=float
          ]
C:\Users\User\source\repos\Snake\board.cpp(83,59): warning C4244: 'argument': conversion from 'double' to 'T', possible loss of data
          with
          [
              T=float
          ]
C:\Users\User\source\repos\Snake\board.cpp(84,63): warning C4244: 'argument': conversion from 'double' to 'T', possible loss of data
          with
          [
              T=float
          ]
C:\Users\User\source\repos\Snake\board.cpp(92,29): warning C4244: 'initializing': conversion from 'int' to 'float', possible loss of data
C:\Users\User\source\repos\Snake\board.cpp(93,29): warning C4244: 'initializing': conversion from 'int' to 'float', possible loss of data
C:\Users\User\source\repos\Snake\board.cpp(99,29): warning C4244: 'initializing': conversion from 'int' to 'float', possible loss of data
C:\Users\User\source\repos\Snake\board.cpp(100,29): warning C4244: 'initializing': conversion from 'int' to 'float', possible loss of data
  game.cpp
C:\Users\User\source\repos\Snake\game.h(47,66): warning C4244: 'argument': conversion from 'const int' to 'T', possible loss of data
          with
          [
              T=float
          ]
C:\Users\User\source\repos\Snake\game.cpp(13,57): warning C4244: 'argument': conversion from 'const int' to 'T', possible loss of data
          with
          [
              T=float
          ]
C:\Users\User\source\repos\Snake\game.cpp(13,40): warning C4244: 'argument': conversion from 'const int' to 'T', possible loss of data
          with
          [
              T=float
          ]
C:\Users\User\source\repos\Snake\game.cpp(14,57): warning C4244: 'argument': conversion from 'const int' to 'T', possible loss of data
          with
          [
              T=float
          ]
C:\Users\User\source\repos\Snake\game.cpp(14,40): warning C4244: 'argument': conversion from 'const int' to 'T', possible loss of data
          with
          [
              T=float
          ]
C:\Users\User\source\repos\Snake\game.cpp(15,57): warning C4244: 'argument': conversion from 'const int' to 'T', possible loss of data
          with
          [
              T=float
          ]
C:\Users\User\source\repos\Snake\game.cpp(15,40): warning C4244: 'argument': conversion from 'const int' to 'T', possible loss of data
          with
          [
              T=float
          ]
C:\Users\User\source\repos\Snake\game.cpp(16,57): warning C4244: 'argument': conversion from 'const int' to 'T', possible loss of data
          with
          [
              T=float
          ]
C:\Users\User\source\repos\Snake\game.cpp(16,40): warning C4244: 'argument': conversion from 'const int' to 'T', possible loss of data
          with
          [
              T=float
          ]
C:\Users\User\source\repos\Snake\game.cpp(17,57): warning C4244: 'argument': conversion from 'const int' to 'T', possible loss of data
          with
          [
              T=float
          ]
C:\Users\User\source\repos\Snake\game.cpp(17,40): warning C4244: 'argument': conversion from 'const int' to 'T', possible loss of data
          with
          [
              T=float
          ]
C:\Users\User\source\repos\Snake\game.cpp(18,57): warning C4244: 'argument': conversion from 'const int' to 'T', possible loss of data
          with
          [
              T=float
          ]
C:\Users\User\source\repos\Snake\game.cpp(18,40): warning C4244: 'argument': conversion from 'const int' to 'T', possible loss of data
          with
          [
              T=float
          ]
C:\Users\User\source\repos\Snake\game.cpp(22,50): warning C4244: 'argument': conversion from 'int' to 'T', possible loss of data
          with
          [
              T=float
          ]
C:\Users\User\source\repos\Snake\game.cpp(23,50): warning C4244: 'argument': conversion from 'int' to 'T', possible loss of data
          with
          [
              T=float
          ]
C:\Users\User\source\repos\Snake\game.cpp(24,50): warning C4244: 'argument': conversion from 'int' to 'T', possible loss of data
          with
          [
              T=float
          ]
C:\Users\User\source\repos\Snake\game.cpp(25,50): warning C4244: 'argument': conversion from 'int' to 'T', possible loss of data
          with
          [
              T=float
          ]
C:\Users\User\source\repos\Snake\game.cpp(26,50): warning C4244: 'argument': conversion from 'int' to 'T', possible loss of data
          with
          [
              T=float
          ]
C:\Users\User\source\repos\Snake\game.cpp(27,50): warning C4244: 'argument': conversion from 'int' to 'T', possible loss of data
          with
          [
              T=float
          ]
C:\Users\User\source\repos\Snake\game.cpp(64,57): warning C4244: 'argument': conversion from 'int' to 'T', possible loss of data
          with
          [
              T=float
          ]
C:\Users\User\source\repos\Snake\game.cpp(150,75): warning C4267: '=': conversion from 'size_t' to 'int', possible loss of data
C:\Users\User\source\repos\Snake\game.cpp(491,52): warning C4267: 'argument': conversion from 'size_t' to 'int', possible loss of data
C:\Users\User\source\repos\Snake\game.cpp(501,16): warning C4244: 'initializing': conversion from 'T' to 'int', possible loss of data
          with
          [
              T=float
          ]
C:\Users\User\source\repos\Snake\game.cpp(520,65): warning C4244: 'argument': conversion from 'int' to 'T', possible loss of data
          with
          [
              T=float
          ]
  main.cpp
C:\Users\User\source\repos\Snake\game.h(47,66): warning C4244: 'argument': conversion from 'const int' to 'T', possible loss of data
          with
          [
              T=float
          ]
  simulation.cpp
C:\Users\User\source\repos\Snake\game.h(47,66): warning C4244: 'argument': conversion from 'const int' to 'T', possible loss of data
          with
          [
              T=float
          ]
  snake.cpp
C:\Users\User\source\repos\Snake\snake.cpp(81,70): warning C4244: 'argument': conversion from 'int' to 'T', possible loss of data
          with
          [
              T=float
          ]
C:\Users\User\source\repos\Snake\snake.cpp(81,57): warning C4244: 'argument': conversion from 'int' to 'T', possible loss of data
          with
          [
              T=float
          ]
C:\Users\User\source\repos\Snake\snake.cpp(83,21): warning C4244: 'initializing': conversion from 'int' to 'float', possible loss of data
C:\Users\User\source\repos\Snake\snake.cpp(84,21): warning C4244: 'initializing': conversion from 'int' to 'float', possible loss of data
C:\Users\User\source\repos\Snake\snake.cpp(135,30): warning C4267: 'return': conversion from 'size_t' to 'int', possible loss of data
  Generating Code...
  Snake.vcxproj -> C:\Users\User\source\repos\Snake\x64\Debug\Snake.exe
